<?xml version="1.0" encoding="UTF-8"?>
<!-- Generated by org.testng.reporters.JUnitXMLReporter -->
<testsuite ignored="0" hostname="Lenovo" failures="0" tests="4" name="Default test" time="18.976" errors="0" timestamp="2024-01-20T10:58:45 IST">
  <testcase classname="TestNG_DataProvider.DataProvideWithExcel" name="searchKeyword" time="0.323"/>
  <testcase classname="TestNG_DataProvider.DataProvideWithExcel" name="searchKeyword" time="0.294"/>
  <testcase classname="TestNG_DataProvider.DataProvideWithExcel" name="searchKeyword" time="0.382"/>
  <testcase classname="TestNG_DataProvider.DataProvideWithExcel" name="searchKeyword" time="0.353"/>
</testsuite> <!-- Default test -->
