<?xml version="1.0" encoding="UTF-8"?>
<!-- Generated by org.testng.reporters.JUnitXMLReporter -->
<testsuite ignored="0" hostname="Lenovo" failures="1" tests="1" name="Test" time="1.176" errors="0" timestamp="2024-01-20T10:53:38 IST">
  <testcase classname="TestNG_DataProvider.DataProvideWithExcel" name="searchKeyword" time="0.0">
    <failure type="org.testng.TestNGException" message="
Data Provider public java.lang.Object[][] TestNG_DataProvider.DataProvideWithExcel.searchDataProviderMethod() returned a null value">
      <![CDATA[org.testng.TestNGException: 
Data Provider public java.lang.Object[][] TestNG_DataProvider.DataProvideWithExcel.searchDataProviderMethod() returned a null value
at java.base/java.util.ArrayList.forEach(ArrayList.java:1596)
... Removed 24 stack frames]]>
    </failure>
  </testcase> <!-- searchKeyword -->
</testsuite> <!-- Test -->
