<?xml version="1.0" encoding="UTF-8"?>
<testng-results ignored="0" total="4" passed="4" failed="0" skipped="0">
  <reporter-output>
  </reporter-output>
  <suite started-at="2024-01-20T10:58:26 IST" name="Default suite" finished-at="2024-01-20T10:58:45 IST" duration-ms="18976">
    <groups>
    </groups>
    <test started-at="2024-01-20T10:58:26 IST" name="Default test" finished-at="2024-01-20T10:58:45 IST" duration-ms="18976">
      <class name="TestNG_DataProvider.DataProvideWithExcel">
        <test-method is-config="true" signature="setup()[pri:0, instance:TestNG_DataProvider.DataProvideWithExcel@5e0e82ae]" started-at="2024-01-20T10:58:27 IST" name="setup" finished-at="2024-01-20T10:58:32 IST" duration-ms="4102" status="PASS">
          <reporter-output>
          </reporter-output>
        </test-method> <!-- setup -->
        <test-method signature="searchKeyword(java.lang.String)[pri:0, instance:TestNG_DataProvider.DataProvideWithExcel@5e0e82ae]" started-at="2024-01-20T10:58:32 IST" name="searchKeyword" data-provider="searchDataProvider" finished-at="2024-01-20T10:58:32 IST" duration-ms="323" status="PASS">
          <params>
            <param index="0">
              <value>
                <![CDATA[Taj Mahal]]>
              </value>
            </param>
          </params>
          <reporter-output>
          </reporter-output>
        </test-method> <!-- searchKeyword -->
        <test-method is-config="true" signature="tearDown()[pri:0, instance:TestNG_DataProvider.DataProvideWithExcel@5e0e82ae]" started-at="2024-01-20T10:58:32 IST" name="tearDown" finished-at="2024-01-20T10:58:32 IST" duration-ms="267" status="PASS">
          <reporter-output>
          </reporter-output>
        </test-method> <!-- tearDown -->
        <test-method is-config="true" signature="setup()[pri:0, instance:TestNG_DataProvider.DataProvideWithExcel@5e0e82ae]" started-at="2024-01-20T10:58:32 IST" name="setup" finished-at="2024-01-20T10:58:36 IST" duration-ms="3822" status="PASS">
          <reporter-output>
          </reporter-output>
        </test-method> <!-- setup -->
        <test-method signature="searchKeyword(java.lang.String)[pri:0, instance:TestNG_DataProvider.DataProvideWithExcel@5e0e82ae]" started-at="2024-01-20T10:58:36 IST" name="searchKeyword" data-provider="searchDataProvider" finished-at="2024-01-20T10:58:36 IST" duration-ms="294" status="PASS">
          <params>
            <param index="0">
              <value>
                <![CDATA[Lal Qila]]>
              </value>
            </param>
          </params>
          <reporter-output>
          </reporter-output>
        </test-method> <!-- searchKeyword -->
        <test-method is-config="true" signature="tearDown()[pri:0, instance:TestNG_DataProvider.DataProvideWithExcel@5e0e82ae]" started-at="2024-01-20T10:58:36 IST" name="tearDown" finished-at="2024-01-20T10:58:37 IST" duration-ms="222" status="PASS">
          <reporter-output>
          </reporter-output>
        </test-method> <!-- tearDown -->
        <test-method is-config="true" signature="setup()[pri:0, instance:TestNG_DataProvider.DataProvideWithExcel@5e0e82ae]" started-at="2024-01-20T10:58:37 IST" name="setup" finished-at="2024-01-20T10:58:40 IST" duration-ms="3783" status="PASS">
          <reporter-output>
          </reporter-output>
        </test-method> <!-- setup -->
        <test-method signature="searchKeyword(java.lang.String)[pri:0, instance:TestNG_DataProvider.DataProvideWithExcel@5e0e82ae]" started-at="2024-01-20T10:58:40 IST" name="searchKeyword" data-provider="searchDataProvider" finished-at="2024-01-20T10:58:41 IST" duration-ms="382" status="PASS">
          <params>
            <param index="0">
              <value>
                <![CDATA[Hanuman Vatika]]>
              </value>
            </param>
          </params>
          <reporter-output>
          </reporter-output>
        </test-method> <!-- searchKeyword -->
        <test-method is-config="true" signature="tearDown()[pri:0, instance:TestNG_DataProvider.DataProvideWithExcel@5e0e82ae]" started-at="2024-01-20T10:58:41 IST" name="tearDown" finished-at="2024-01-20T10:58:41 IST" duration-ms="220" status="PASS">
          <reporter-output>
          </reporter-output>
        </test-method> <!-- tearDown -->
        <test-method is-config="true" signature="setup()[pri:0, instance:TestNG_DataProvider.DataProvideWithExcel@5e0e82ae]" started-at="2024-01-20T10:58:41 IST" name="setup" finished-at="2024-01-20T10:58:45 IST" duration-ms="3761" status="PASS">
          <reporter-output>
          </reporter-output>
        </test-method> <!-- setup -->
        <test-method signature="searchKeyword(java.lang.String)[pri:0, instance:TestNG_DataProvider.DataProvideWithExcel@5e0e82ae]" started-at="2024-01-20T10:58:45 IST" name="searchKeyword" data-provider="searchDataProvider" finished-at="2024-01-20T10:58:45 IST" duration-ms="353" status="PASS">
          <params>
            <param index="0">
              <value>
                <![CDATA[Hridayam Movie ]]>
              </value>
            </param>
          </params>
          <reporter-output>
          </reporter-output>
        </test-method> <!-- searchKeyword -->
        <test-method is-config="true" signature="tearDown()[pri:0, instance:TestNG_DataProvider.DataProvideWithExcel@5e0e82ae]" started-at="2024-01-20T10:58:45 IST" name="tearDown" finished-at="2024-01-20T10:58:45 IST" duration-ms="202" status="PASS">
          <reporter-output>
          </reporter-output>
        </test-method> <!-- tearDown -->
      </class> <!-- TestNG_DataProvider.DataProvideWithExcel -->
    </test> <!-- Default test -->
  </suite> <!-- Default suite -->
</testng-results>
